$ python -m peas_recommender.main seed
[seed] inserted 51 synthetic repair records into new_journal

$ python -m peas_recommender.main run --once
[fetch] 51 unprocessed repair cases loaded from new_journal
[cluster] 17 repair-pattern clusters formed
[score] receiver_bic|MISSING_INTERMEDIARY_BIC|USD|GB: size=14 purity=0.71 feedback_weight=1.00 -> confidence=0.71 [PASS]
[recommend] new rule: auto_receiver_bic_missing_intermediary_bic (confidence 71%, 14 supporting repairs)
[score] charge_code|INVALID_CHARGE_CODE|EUR|DE: size=9 purity=1.00 feedback_weight=1.00 -> confidence=0.99 [PASS]
[recommend] new rule: auto_charge_code_invalid_charge_code (confidence 99%, 9 supporting repairs)
[score] bene_account|MISSING_IBAN_PREFIX|EUR|FR: size=7 purity=1.00 feedback_weight=1.00 -> confidence=0.99 [PASS]
[recommend] new rule: auto_bene_account_missing_iban_prefix (confidence 99%, 7 supporting repairs)
[score] charge_code|INVALID_CHARGE_CODE|GBP|HK: size=6 purity=0.83 feedback_weight=1.00 -> confidence=0.83 [PASS]
[recommend] update to existing rule 'enrich_charge_code_gbp_hk': auto_charge_code_invalid_charge_code (confidence 83%, 6 supporting repairs)
[skip] value_date|STALE_VALUE_DATE|JPY|JP: cluster size 3 < 5
[skip] bene_name|TRUNCATED_NAME|SGD|SG: cluster size 1 < 5
[skip] bene_name|TRUNCATED_NAME|USD|HK: cluster size 1 < 5
[skip] bene_name|TRUNCATED_NAME|JPY|US: cluster size 1 < 5
[skip] sender_ref|DUPLICATE_REFERENCE|HKD|JP: cluster size 1 < 5
[skip] sender_ref|DUPLICATE_REFERENCE|JPY|GB: cluster size 1 < 5
[skip] sender_ref|DUPLICATE_REFERENCE|GBP|US: cluster size 1 < 5
[skip] remit_info|INVALID_CHARSET|HKD|DE: cluster size 1 < 5
[skip] sender_ref|DUPLICATE_REFERENCE|HKD|SG: cluster size 1 < 5
[skip] sender_ref|DUPLICATE_REFERENCE|HKD|DE: cluster size 1 < 5
[skip] sender_ref|DUPLICATE_REFERENCE|USD|US: cluster size 1 < 5
[skip] remit_info|INVALID_CHARSET|HKD|HK: cluster size 1 < 5
[skip] bene_name|TRUNCATED_NAME|SGD|US: cluster size 1 < 5
[done] fetched=51 clusters=17 recommended=4

$ python -m peas_recommender.main list
#1 [PENDING] NEW_RULE  confidence=71% support=14
    RULE auto_receiver_bic_missing_intermediary_bic
    WHEN msg.field_missing('receiver_bic')
      AND msg.currency == 'USD'
      AND msg.msg_type == 'MT103'
      AND msg.sender_country == 'GB'
    THEN SET msg.receiver_bic = 'CHASUS33'
    CONFIDENCE 0.71
#2 [PENDING] NEW_RULE  confidence=99% support=9
    RULE auto_charge_code_invalid_charge_code
    WHEN msg.reason == 'INVALID_CHARGE_CODE'
      AND msg.currency == 'EUR'
      AND msg.msg_type == 'MT103'
      AND msg.sender_country == 'DE'
    THEN SET msg.charge_code = 'SHA'
    CONFIDENCE 0.99
#3 [PENDING] NEW_RULE  confidence=99% support=7
    RULE auto_bene_account_missing_iban_prefix
    WHEN msg.field_missing('bene_account')
      AND msg.currency == 'EUR'
      AND msg.msg_type == 'MT103'
      AND msg.sender_country == 'FR'
    THEN SET msg.bene_account = 'PREPEND_FR76'
    CONFIDENCE 0.99
#4 [PENDING] UPDATE_RULE -> enrich_charge_code_gbp_hk  confidence=83% support=6
    RULE auto_charge_code_invalid_charge_code
    WHEN msg.reason == 'INVALID_CHARGE_CODE'
      AND msg.currency == 'GBP'
      AND msg.msg_type == 'MT103'
      AND msg.sender_country == 'HK'
    THEN SET msg.charge_code = 'OUR'
    CONFIDENCE 0.83

$ python -m peas_recommender.main accept 1 --operator ops_amara
[feedback] recommendation #1 ACCEPTED by ops_amara; pattern weight -> 1.05 (used to refine future confidence)

$ python -m peas_recommender.main reject 4 --operator ops_amara --comment 'OUR not permitted for this corridor'
[feedback] recommendation #4 REJECTED by ops_amara; pattern weight -> 0.85 (used to refine future confidence)
